#
# A fatal error has been detected by the Java Runtime Environment:
#
#  Internal Error (generateOopMap.cpp:2164), pid=10360, tid=9144
#  fatal error: Illegal class file encountered. Try running with -Xverify:all in method main
#
# JRE version: Java(TM) SE Runtime Environment (16.0.2+7) (build 16.0.2+7-67)
# Java VM: Java HotSpot(TM) 64-Bit Server VM (16.0.2+7-67, mixed mode, sharing, tiered, compressed oops, compressed class ptrs, g1 gc, windows-amd64)
# No core dump will be written. Minidumps are not enabled by default on client versions of Windows
#
# If you would like to submit a bug report, please visit:
#   https://bugreport.java.com/bugreport/crash.jsp
#

---------------  S U M M A R Y ------------

Command Line: -XX:+ShowCodeDetailsInExceptionMessages -agentlib:jdwp=transport=dt_socket,suspend=y,address=localhost:54890 -javaagent:C:\Users\PC User\eclipse\java-2021-06\eclipse\configuration\org.eclipse.osgi\222\0\.cp\lib\javaagent-shaded.jar -Dfile.encoding=Cp1252 --module-path=C:\Users\PC User\Documents\EclipseProjects\BasicSyntaxConditionalStatementsAndLoopsExercise\bin -Djdk.module.main=BasicSyntaxConditionalStatementsAndLoopsExercise BasicSyntaxConditionalStatementsAndLoopsExercise/Vacation.Vacation

Host: Intel(R) Core(TM) i5-7300HQ CPU @ 2.50GHz, 4 cores, 11G,  Windows 10 , 64 bit Build 19041 (10.0.19041.928)
Time: Mon Sep  6 15:47:03 2021 FLE Daylight Time elapsed time: 350.610243 seconds (0d 0h 5m 50s)

---------------  T H R E A D  ---------------

Current thread (0x000001f1f6549650):  VMThread "VM Thread" [stack: 0x0000004339200000,0x0000004339300000] [id=9144]

Stack: [0x0000004339200000,0x0000004339300000]
Native frames: (J=compiled Java code, j=interpreted, Vv=VM code, C=native code)
V  [jvm.dll+0x6681ca]
V  [jvm.dll+0x7c9e69]
V  [jvm.dll+0x7cb61e]
V  [jvm.dll+0x7cbc27]
V  [jvm.dll+0x2429b3]
V  [jvm.dll+0x330cf9]
V  [jvm.dll+0x32daa4]
V  [jvm.dll+0x32cc8b]
V  [jvm.dll+0x32c037]
V  [jvm.dll+0x656cce]
V  [jvm.dll+0x6569d3]
V  [jvm.dll+0x61c1e8]
V  [jvm.dll+0x7c18f5]
V  [jvm.dll+0x520446]
V  [jvm.dll+0x7d00ab]
V  [jvm.dll+0x7d0da4]
V  [jvm.dll+0x7d12a9]
V  [jvm.dll+0x7d1564]
V  [jvm.dll+0x7d1630]
V  [jvm.dll+0x7795aa]
V  [jvm.dll+0x667066]
C  [ucrtbase.dll+0x21bb2]
C  [KERNEL32.DLL+0x17034]
C  [ntdll.dll+0x52651]

VM_Operation (0x0000004339dff280): get/set locals, mode: safepoint, requested by thread 0x000001f1f7123860


---------------  P R O C E S S  ---------------

Threads class SMR info:
_java_thread_list=0x000001f1f729b130, length=15, elements={
0x000001f1d680aa90, 0x000001f1f654f2b0, 0x000001f1f6550170, 0x000001f1f6563840,
0x000001f1f6566250, 0x000001f1f6566c50, 0x000001f1f6569660, 0x000001f1f656a440,
0x000001f1f6578450, 0x000001f1f6593260, 0x000001f1d68ed840, 0x000001f1f7123860,
0x000001f1f7129960, 0x000001f1f712e0b0, 0x000001f1f7203ce0
}

Java Threads: ( => current thread )
  0x000001f1d680aa90 JavaThread "main" [_thread_blocked, id=6980, stack(0x0000004338c00000,0x0000004338d00000)]
  0x000001f1f654f2b0 JavaThread "Reference Handler" daemon [_thread_blocked, id=7016, stack(0x0000004339300000,0x0000004339400000)]
  0x000001f1f6550170 JavaThread "Finalizer" daemon [_thread_blocked, id=4968, stack(0x0000004339400000,0x0000004339500000)]
  0x000001f1f6563840 JavaThread "Signal Dispatcher" daemon [_thread_blocked, id=10864, stack(0x0000004339500000,0x0000004339600000)]
  0x000001f1f6566250 JavaThread "Attach Listener" daemon [_thread_blocked, id=7248, stack(0x0000004339600000,0x0000004339700000)]
  0x000001f1f6566c50 JavaThread "Service Thread" daemon [_thread_blocked, id=9112, stack(0x0000004339700000,0x0000004339800000)]
  0x000001f1f6569660 JavaThread "Monitor Deflation Thread" daemon [_thread_blocked, id=11596, stack(0x0000004339800000,0x0000004339900000)]
  0x000001f1f656a440 JavaThread "C2 CompilerThread0" daemon [_thread_blocked, id=6128, stack(0x0000004339900000,0x0000004339a00000)]
  0x000001f1f6578450 JavaThread "C1 CompilerThread0" daemon [_thread_blocked, id=11028, stack(0x0000004339a00000,0x0000004339b00000)]
  0x000001f1f6593260 JavaThread "Sweeper thread" daemon [_thread_blocked, id=9588, stack(0x0000004339b00000,0x0000004339c00000)]
  0x000001f1d68ed840 JavaThread "Common-Cleaner" daemon [_thread_blocked, id=4708, stack(0x0000004339c00000,0x0000004339d00000)]
  0x000001f1f7123860 JavaThread "JDWP Transport Listener: dt_socket" daemon [_thread_blocked, id=4704, stack(0x0000004339d00000,0x0000004339e00000)] _threads_hazard_ptr=0x000001f1f729b130
  0x000001f1f7129960 JavaThread "JDWP Event Helper Thread" daemon [_thread_blocked, id=5908, stack(0x0000004339e00000,0x0000004339f00000)]
  0x000001f1f712e0b0 JavaThread "JDWP Command Reader" daemon [_thread_in_native, id=5512, stack(0x0000004339f00000,0x000000433a000000)]
  0x000001f1f7203ce0 JavaThread "Notification Thread" daemon [_thread_blocked, id=6320, stack(0x000000433a100000,0x000000433a200000)]

Other Threads:
=>0x000001f1f6549650 VMThread "VM Thread" [stack: 0x0000004339200000,0x0000004339300000] [id=9144]
  0x000001f1d680ba90 WatcherThread [stack: 0x000000433a200000,0x000000433a300000] [id=8052]
  0x000001f1d684f390 GCTaskThread "GC Thread#0" [stack: 0x0000004338d00000,0x0000004338e00000] [id=3400]
  0x000001f1d685c210 ConcurrentGCThread "G1 Main Marker" [stack: 0x0000004338e00000,0x0000004338f00000] [id=10836]
  0x000001f1d685d420 ConcurrentGCThread "G1 Conc#0" [stack: 0x0000004338f00000,0x0000004339000000] [id=7952]
  0x000001f1d68dc2b0 ConcurrentGCThread "G1 Refine#0" [stack: 0x0000004339000000,0x0000004339100000] [id=1472]
  0x000001f1d68dcd30 ConcurrentGCThread "G1 Service" [stack: 0x0000004339100000,0x0000004339200000] [id=11944]

Threads with active compile tasks:

VM state: at safepoint (normal execution)

VM Mutex/Monitor currently owned by a thread:  ([mutex/lock_event])
[0x000001f1d6806300] Threads_lock - owner thread: 0x000001f1f6549650

Heap address: 0x0000000741c00000, size: 3044 MB, Compressed Oops mode: Zero based, Oop shift amount: 3

CDS archive(s) mapped at: [0x0000000800000000-0x0000000800bb0000-0x0000000800bb0000), size 12255232, SharedBaseAddress: 0x0000000800000000, ArchiveRelocationMode: 0.
Compressed class space mapped at: 0x0000000800c00000-0x0000000840c00000, reserved size: 1073741824
Narrow klass base: 0x0000000800000000, Narrow klass shift: 3, Narrow klass range: 0x100000000

GC Precious Log:
 CPUs: 4 total, 4 available
 Memory: 12173M
 Large Page Support: Disabled
 NUMA Support: Disabled
 Compressed Oops: Enabled (Zero based)
 Heap Region Size: 2M
 Heap Min Capacity: 8M
 Heap Initial Capacity: 192M
 Heap Max Capacity: 3044M
 Pre-touch: Disabled
 Parallel Workers: 4
 Concurrent Workers: 1
 Concurrent Refinement Workers: 4
 Periodic GC: Disabled

Heap:
 garbage-first heap   total 196608K, used 2048K [0x0000000741c00000, 0x0000000800000000)
  region size 2048K, 3 young (6144K), 0 survivors (0K)
 Metaspace       used 3084K, committed 3264K, reserved 1056768K
  class space    used 280K, committed 384K, reserved 1048576K

Heap Regions: E=young(eden), S=young(survivor), O=old, HS=humongous(starts), HC=humongous(continues), CS=collection set, F=free, OA=open archive, CA=closed archive, TAMS=top-at-mark-start (previous, next)
|   0|0x0000000741c00000, 0x0000000741c00000, 0x0000000741e00000|  0%| F|  |TAMS 0x0000000741c00000, 0x0000000741c00000| Untracked 
|   1|0x0000000741e00000, 0x0000000741e00000, 0x0000000742000000|  0%| F|  |TAMS 0x0000000741e00000, 0x0000000741e00000| Untracked 
|   2|0x0000000742000000, 0x0000000742000000, 0x0000000742200000|  0%| F|  |TAMS 0x0000000742000000, 0x0000000742000000| Untracked 
|   3|0x0000000742200000, 0x0000000742200000, 0x0000000742400000|  0%| F|  |TAMS 0x0000000742200000, 0x0000000742200000| Untracked 
|   4|0x0000000742400000, 0x0000000742400000, 0x0000000742600000|  0%| F|  |TAMS 0x0000000742400000, 0x0000000742400000| Untracked 
|   5|0x0000000742600000, 0x0000000742600000, 0x0000000742800000|  0%| F|  |TAMS 0x0000000742600000, 0x0000000742600000| Untracked 
|   6|0x0000000742800000, 0x0000000742800000, 0x0000000742a00000|  0%| F|  |TAMS 0x0000000742800000, 0x0000000742800000| Untracked 
|   7|0x0000000742a00000, 0x0000000742a00000, 0x0000000742c00000|  0%| F|  |TAMS 0x0000000742a00000, 0x0000000742a00000| Untracked 
|   8|0x0000000742c00000, 0x0000000742c00000, 0x0000000742e00000|  0%| F|  |TAMS 0x0000000742c00000, 0x0000000742c00000| Untracked 
|   9|0x0000000742e00000, 0x0000000742e00000, 0x0000000743000000|  0%| F|  |TAMS 0x0000000742e00000, 0x0000000742e00000| Untracked 
|  10|0x0000000743000000, 0x0000000743000000, 0x0000000743200000|  0%| F|  |TAMS 0x0000000743000000, 0x0000000743000000| Untracked 
|  11|0x0000000743200000, 0x0000000743200000, 0x0000000743400000|  0%| F|  |TAMS 0x0000000743200000, 0x0000000743200000| Untracked 
|  12|0x0000000743400000, 0x0000000743400000, 0x0000000743600000|  0%| F|  |TAMS 0x0000000743400000, 0x0000000743400000| Untracked 
|  13|0x0000000743600000, 0x0000000743600000, 0x0000000743800000|  0%| F|  |TAMS 0x0000000743600000, 0x0000000743600000| Untracked 
|  14|0x0000000743800000, 0x0000000743800000, 0x0000000743a00000|  0%| F|  |TAMS 0x0000000743800000, 0x0000000743800000| Untracked 
|  15|0x0000000743a00000, 0x0000000743a00000, 0x0000000743c00000|  0%| F|  |TAMS 0x0000000743a00000, 0x0000000743a00000| Untracked 
|  16|0x0000000743c00000, 0x0000000743c00000, 0x0000000743e00000|  0%| F|  |TAMS 0x0000000743c00000, 0x0000000743c00000| Untracked 
|  17|0x0000000743e00000, 0x0000000743e00000, 0x0000000744000000|  0%| F|  |TAMS 0x0000000743e00000, 0x0000000743e00000| Untracked 
|  18|0x0000000744000000, 0x0000000744000000, 0x0000000744200000|  0%| F|  |TAMS 0x0000000744000000, 0x0000000744000000| Untracked 
|  19|0x0000000744200000, 0x0000000744200000, 0x0000000744400000|  0%| F|  |TAMS 0x0000000744200000, 0x0000000744200000| Untracked 
|  20|0x0000000744400000, 0x0000000744400000, 0x0000000744600000|  0%| F|  |TAMS 0x0000000744400000, 0x0000000744400000| Untracked 
|  21|0x0000000744600000, 0x0000000744600000, 0x0000000744800000|  0%| F|  |TAMS 0x0000000744600000, 0x0000000744600000| Untracked 
|  22|0x0000000744800000, 0x0000000744800000, 0x0000000744a00000|  0%| F|  |TAMS 0x0000000744800000, 0x0000000744800000| Untracked 
|  23|0x0000000744a00000, 0x0000000744a00000, 0x0000000744c00000|  0%| F|  |TAMS 0x0000000744a00000, 0x0000000744a00000| Untracked 
|  24|0x0000000744c00000, 0x0000000744c00000, 0x0000000744e00000|  0%| F|  |TAMS 0x0000000744c00000, 0x0000000744c00000| Untracked 
|  25|0x0000000744e00000, 0x0000000744e00000, 0x0000000745000000|  0%| F|  |TAMS 0x0000000744e00000, 0x0000000744e00000| Untracked 
|  26|0x0000000745000000, 0x0000000745000000, 0x0000000745200000|  0%| F|  |TAMS 0x0000000745000000, 0x0000000745000000| Untracked 
|  27|0x0000000745200000, 0x0000000745200000, 0x0000000745400000|  0%| F|  |TAMS 0x0000000745200000, 0x0000000745200000| Untracked 
|  28|0x0000000745400000, 0x0000000745400000, 0x0000000745600000|  0%| F|  |TAMS 0x0000000745400000, 0x0000000745400000| Untracked 
|  29|0x0000000745600000, 0x0000000745600000, 0x0000000745800000|  0%| F|  |TAMS 0x0000000745600000, 0x0000000745600000| Untracked 
|  30|0x0000000745800000, 0x0000000745800000, 0x0000000745a00000|  0%| F|  |TAMS 0x0000000745800000, 0x0000000745800000| Untracked 
|  31|0x0000000745a00000, 0x0000000745a00000, 0x0000000745c00000|  0%| F|  |TAMS 0x0000000745a00000, 0x0000000745a00000| Untracked 
|  32|0x0000000745c00000, 0x0000000745c00000, 0x0000000745e00000|  0%| F|  |TAMS 0x0000000745c00000, 0x0000000745c00000| Untracked 
|  33|0x0000000745e00000, 0x0000000745e00000, 0x0000000746000000|  0%| F|  |TAMS 0x0000000745e00000, 0x0000000745e00000| Untracked 
|  34|0x0000000746000000, 0x0000000746000000, 0x0000000746200000|  0%| F|  |TAMS 0x0000000746000000, 0x0000000746000000| Untracked 
|  35|0x0000000746200000, 0x0000000746200000, 0x0000000746400000|  0%| F|  |TAMS 0x0000000746200000, 0x0000000746200000| Untracked 
|  36|0x0000000746400000, 0x0000000746400000, 0x0000000746600000|  0%| F|  |TAMS 0x0000000746400000, 0x0000000746400000| Untracked 
|  37|0x0000000746600000, 0x0000000746600000, 0x0000000746800000|  0%| F|  |TAMS 0x0000000746600000, 0x0000000746600000| Untracked 
|  38|0x0000000746800000, 0x0000000746800000, 0x0000000746a00000|  0%| F|  |TAMS 0x0000000746800000, 0x0000000746800000| Untracked 
|  39|0x0000000746a00000, 0x0000000746a00000, 0x0000000746c00000|  0%| F|  |TAMS 0x0000000746a00000, 0x0000000746a00000| Untracked 
|  40|0x0000000746c00000, 0x0000000746c00000, 0x0000000746e00000|  0%| F|  |TAMS 0x0000000746c00000, 0x0000000746c00000| Untracked 
|  41|0x0000000746e00000, 0x0000000746e00000, 0x0000000747000000|  0%| F|  |TAMS 0x0000000746e00000, 0x0000000746e00000| Untracked 
|  42|0x0000000747000000, 0x0000000747000000, 0x0000000747200000|  0%| F|  |TAMS 0x0000000747000000, 0x0000000747000000| Untracked 
|  43|0x0000000747200000, 0x0000000747200000, 0x0000000747400000|  0%| F|  |TAMS 0x0000000747200000, 0x0000000747200000| Untracked 
|  44|0x0000000747400000, 0x0000000747400000, 0x0000000747600000|  0%| F|  |TAMS 0x0000000747400000, 0x0000000747400000| Untracked 
|  45|0x0000000747600000, 0x0000000747600000, 0x0000000747800000|  0%| F|  |TAMS 0x0000000747600000, 0x0000000747600000| Untracked 
|  46|0x0000000747800000, 0x0000000747800000, 0x0000000747a00000|  0%| F|  |TAMS 0x0000000747800000, 0x0000000747800000| Untracked 
|  47|0x0000000747a00000, 0x0000000747a00000, 0x0000000747c00000|  0%| F|  |TAMS 0x0000000747a00000, 0x0000000747a00000| Untracked 
|  48|0x0000000747c00000, 0x0000000747c00000, 0x0000000747e00000|  0%| F|  |TAMS 0x0000000747c00000, 0x0000000747c00000| Untracked 
|  49|0x0000000747e00000, 0x0000000747e00000, 0x0000000748000000|  0%| F|  |TAMS 0x0000000747e00000, 0x0000000747e00000| Untracked 
|  50|0x0000000748000000, 0x0000000748000000, 0x0000000748200000|  0%| F|  |TAMS 0x0000000748000000, 0x0000000748000000| Untracked 
|  51|0x0000000748200000, 0x0000000748200000, 0x0000000748400000|  0%| F|  |TAMS 0x0000000748200000, 0x0000000748200000| Untracked 
|  52|0x0000000748400000, 0x0000000748400000, 0x0000000748600000|  0%| F|  |TAMS 0x0000000748400000, 0x0000000748400000| Untracked 
|  53|0x0000000748600000, 0x0000000748600000, 0x0000000748800000|  0%| F|  |TAMS 0x0000000748600000, 0x0000000748600000| Untracked 
|  54|0x0000000748800000, 0x0000000748800000, 0x0000000748a00000|  0%| F|  |TAMS 0x0000000748800000, 0x0000000748800000| Untracked 
|  55|0x0000000748a00000, 0x0000000748a00000, 0x0000000748c00000|  0%| F|  |TAMS 0x0000000748a00000, 0x0000000748a00000| Untracked 
|  56|0x0000000748c00000, 0x0000000748c00000, 0x0000000748e00000|  0%| F|  |TAMS 0x0000000748c00000, 0x0000000748c00000| Untracked 
|  57|0x0000000748e00000, 0x0000000748e00000, 0x0000000749000000|  0%| F|  |TAMS 0x0000000748e00000, 0x0000000748e00000| Untracked 
|  58|0x0000000749000000, 0x0000000749000000, 0x0000000749200000|  0%| F|  |TAMS 0x0000000749000000, 0x0000000749000000| Untracked 
|  59|0x0000000749200000, 0x0000000749200000, 0x0000000749400000|  0%| F|  |TAMS 0x0000000749200000, 0x0000000749200000| Untracked 
|  60|0x0000000749400000, 0x0000000749400000, 0x0000000749600000|  0%| F|  |TAMS 0x0000000749400000, 0x0000000749400000| Untracked 
|  61|0x0000000749600000, 0x0000000749600000, 0x0000000749800000|  0%| F|  |TAMS 0x0000000749600000, 0x0000000749600000| Untracked 
|  62|0x0000000749800000, 0x0000000749800000, 0x0000000749a00000|  0%| F|  |TAMS 0x0000000749800000, 0x0000000749800000| Untracked 
|  63|0x0000000749a00000, 0x0000000749a00000, 0x0000000749c00000|  0%| F|  |TAMS 0x0000000749a00000, 0x0000000749a00000| Untracked 
|  64|0x0000000749c00000, 0x0000000749c00000, 0x0000000749e00000|  0%| F|  |TAMS 0x0000000749c00000, 0x0000000749c00000| Untracked 
|  65|0x0000000749e00000, 0x0000000749e00000, 0x000000074a000000|  0%| F|  |TAMS 0x0000000749e00000, 0x0000000749e00000| Untracked 
|  66|0x000000074a000000, 0x000000074a000000, 0x000000074a200000|  0%| F|  |TAMS 0x000000074a000000, 0x000000074a000000| Untracked 
|  67|0x000000074a200000, 0x000000074a200000, 0x000000074a400000|  0%| F|  |TAMS 0x000000074a200000, 0x000000074a200000| Untracked 
|  68|0x000000074a400000, 0x000000074a400000, 0x000000074a600000|  0%| F|  |TAMS 0x000000074a400000, 0x000000074a400000| Untracked 
|  69|0x000000074a600000, 0x000000074a600000, 0x000000074a800000|  0%| F|  |TAMS 0x000000074a600000, 0x000000074a600000| Untracked 
|  70|0x000000074a800000, 0x000000074a800000, 0x000000074aa00000|  0%| F|  |TAMS 0x000000074a800000, 0x000000074a800000| Untracked 
|  71|0x000000074aa00000, 0x000000074aa00000, 0x000000074ac00000|  0%| F|  |TAMS 0x000000074aa00000, 0x000000074aa00000| Untracked 
|  72|0x000000074ac00000, 0x000000074ac00000, 0x000000074ae00000|  0%| F|  |TAMS 0x000000074ac00000, 0x000000074ac00000| Untracked 
|  73|0x000000074ae00000, 0x000000074ae00000, 0x000000074b000000|  0%| F|  |TAMS 0x000000074ae00000, 0x000000074ae00000| Untracked 
|  74|0x000000074b000000, 0x000000074b000000, 0x000000074b200000|  0%| F|  |TAMS 0x000000074b000000, 0x000000074b000000| Untracked 
|  75|0x000000074b200000, 0x000000074b200000, 0x000000074b400000|  0%| F|  |TAMS 0x000000074b200000, 0x000000074b200000| Untracked 
|  76|0x000000074b400000, 0x000000074b400000, 0x000000074b600000|  0%| F|  |TAMS 0x000000074b400000, 0x000000074b400000| Untracked 
|  77|0x000000074b600000, 0x000000074b600000, 0x000000074b800000|  0%| F|  |TAMS 0x000000074b600000, 0x000000074b600000| Untracked 
|  78|0x000000074b800000, 0x000000074b800000, 0x000000074ba00000|  0%| F|  |TAMS 0x000000074b800000, 0x000000074b800000| Untracked 
|  79|0x000000074ba00000, 0x000000074ba00000, 0x000000074bc00000|  0%| F|  |TAMS 0x000000074ba00000, 0x000000074ba00000| Untracked 
|  80|0x000000074bc00000, 0x000000074bc00000, 0x000000074be00000|  0%| F|  |TAMS 0x000000074bc00000, 0x000000074bc00000| Untracked 
|  81|0x000000074be00000, 0x000000074be00000, 0x000000074c000000|  0%| F|  |TAMS 0x000000074be00000, 0x000000074be00000| Untracked 
|  82|0x000000074c000000, 0x000000074c000000, 0x000000074c200000|  0%| F|  |TAMS 0x000000074c000000, 0x000000074c000000| Untracked 
|  83|0x000000074c200000, 0x000000074c200000, 0x000000074c400000|  0%| F|  |TAMS 0x000000074c200000, 0x000000074c200000| Untracked 
|  84|0x000000074c400000, 0x000000074c400000, 0x000000074c600000|  0%| F|  |TAMS 0x000000074c400000, 0x000000074c400000| Untracked 
|  85|0x000000074c600000, 0x000000074c600000, 0x000000074c800000|  0%| F|  |TAMS 0x000000074c600000, 0x000000074c600000| Untracked 
|  86|0x000000074c800000, 0x000000074c800000, 0x000000074ca00000|  0%| F|  |TAMS 0x000000074c800000, 0x000000074c800000| Untracked 
|  87|0x000000074ca00000, 0x000000074ca00000, 0x000000074cc00000|  0%| F|  |TAMS 0x000000074ca00000, 0x000000074ca00000| Untracked 
|  88|0x000000074cc00000, 0x000000074cc00000, 0x000000074ce00000|  0%| F|  |TAMS 0x000000074cc00000, 0x000000074cc00000| Untracked 
|  89|0x000000074ce00000, 0x000000074ce00000, 0x000000074d000000|  0%| F|  |TAMS 0x000000074ce00000, 0x000000074ce00000| Untracked 
|  90|0x000000074d000000, 0x000000074d000000, 0x000000074d200000|  0%| F|  |TAMS 0x000000074d000000, 0x000000074d000000| Untracked 
|  91|0x000000074d200000, 0x000000074d200000, 0x000000074d400000|  0%| F|  |TAMS 0x000000074d200000, 0x000000074d200000| Untracked 
|  92|0x000000074d400000, 0x000000074d400000, 0x000000074d600000|  0%| F|  |TAMS 0x000000074d400000, 0x000000074d400000| Untracked 
|  93|0x000000074d600000, 0x000000074d7d4020, 0x000000074d800000| 91%| E|  |TAMS 0x000000074d600000, 0x000000074d600000| Complete 
|  94|0x000000074d800000, 0x000000074da00000, 0x000000074da00000|100%| E|  |TAMS 0x000000074d800000, 0x000000074d800000| Complete 
|  95|0x000000074da00000, 0x000000074dc00000, 0x000000074dc00000|100%| E|CS|TAMS 0x000000074da00000, 0x000000074da00000| Complete 

Card table byte_map: [0x000001f1ed590000,0x000001f1edb90000] _byte_map_base: 0x000001f1e9b82000

Marking Bits (Prev, Next): (CMBitMap*) 0x000001f1d684fa00, (CMBitMap*) 0x000001f1d684fa40
 Prev Bits: [0x000001f1ee190000, 0x000001f1f1120000)
 Next Bits: [0x000001f1f1120000, 0x000001f1f40b0000)

Polling page: 0x000001f1d46c0000

Metaspace:

Usage:
  Non-class:      2.74 MB used.
      Class:    280.43 KB used.
       Both:      3.01 MB used.

Virtual space:
  Non-class space:        8.00 MB reserved,       2.81 MB ( 35%) committed,  1 nodes.
      Class space:        1.00 GB reserved,     384.00 KB ( <1%) committed,  1 nodes.
              Both:        1.01 GB reserved,       3.19 MB ( <1%) committed. 

Chunk freelists:
   Non-Class:  3.73 MB
       Class:  3.59 MB
        Both:  7.32 MB

MaxMetaspaceSize: 17179869184.00 GB
CompressedClassSpaceSize: 1.00 GB
 - commit_granule_bytes: 65536.
 - commit_granule_words: 8192.
 - virtual_space_node_default_size: 1048576.
 - enlarge_chunks_in_place: 1.
 - new_chunks_are_fully_committed: 0.
 - uncommit_free_chunks: 1.
 - use_allocation_guard: 0.
 - handle_deallocations: 1.


Internal statistics:

num_allocs_failed_limit: 0.
num_arena_births: 16.
num_arena_deaths: 0.
num_vsnodes_births: 2.
num_vsnodes_deaths: 0.
num_space_committed: 51.
num_space_uncommitted: 0.
num_chunks_returned_to_freelist: 0.
num_chunks_taken_from_freelist: 38.
num_chunk_merges: 0.
num_chunk_splits: 22.
num_chunks_enlarged: 14.
num_purges: 0.

CodeHeap 'non-profiled nmethods': size=120000Kb used=142Kb max_used=142Kb free=119858Kb
 bounds [0x000001f1e5a60000, 0x000001f1e5cd0000, 0x000001f1ecf90000]
CodeHeap 'profiled nmethods': size=120000Kb used=628Kb max_used=628Kb free=119371Kb
 bounds [0x000001f1de530000, 0x000001f1de7a0000, 0x000001f1e5a60000]
CodeHeap 'non-nmethods': size=5760Kb used=1223Kb max_used=1238Kb free=4536Kb
 bounds [0x000001f1ddf90000, 0x000001f1de200000, 0x000001f1de530000]
 total_blobs=883 nmethods=447 adapters=349
 compilation: enabled
              stopped_count=0, restarted_count=0
 full_count=0

Compilation events (20 events):
Event: 93.342 Thread 0x000001f1f6578450  440       3       java.lang.String::<init> (14 bytes)
Event: 93.342 Thread 0x000001f1f6578450 nmethod 440 0x000001f1de5c9e90 code [0x000001f1de5ca060, 0x000001f1de5ca278]
Event: 184.209 Thread 0x000001f1f6578450  441       3       org.eclipse.jdt.launching.internal.org.objectweb.asm.SymbolTable::hash (10 bytes)
Event: 184.209 Thread 0x000001f1f6578450 nmethod 441 0x000001f1de5ca390 code [0x000001f1de5ca540, 0x000001f1de5ca688]
Event: 184.209 Thread 0x000001f1f6578450  442       3       org.eclipse.jdt.launching.internal.org.objectweb.asm.ClassReader::readUTF8 (23 bytes)
Event: 184.210 Thread 0x000001f1f6578450 nmethod 442 0x000001f1de5ca790 code [0x000001f1de5ca960, 0x000001f1de5cabb8]
Event: 293.114 Thread 0x000001f1f6578450  443       3       org.eclipse.jdt.launching.internal.org.objectweb.asm.SymbolTable$Entry::<init> (17 bytes)
Event: 293.114 Thread 0x000001f1f6578450 nmethod 443 0x000001f1de5cac90 code [0x000001f1de5cae40, 0x000001f1de5cafe8]
Event: 293.114 Thread 0x000001f1f6578450  444       3       org.eclipse.jdt.launching.internal.org.objectweb.asm.ClassReader::readUtf (161 bytes)
Event: 293.116 Thread 0x000001f1f6578450 

Event: 293.116 Thread 0x000001f1f6578450  446       3       org.eclipse.jdt.launching.internal.org.objectweb.asm.SymbolTable::add (39 bytes)
Event: 293.116 Thread 0x000001f1f6578450 nmethod 446 0x000001f1de5cb090 code [0x000001f1de5cb240, 0x000001f1de5cb5b8]
Event: 293.116 Thread 0x000001f1f6578450  445       3       java.lang.StringUTF16::compress (20 bytes)
Event: 293.116 Thread 0x000001f1f6578450 nmethod 445 0x000001f1de5cb710 code [0x000001f1de5cb8c0, 0x000001f1de5cbb28]
Event: 334.719 Thread 0x000001f1f6578450  447       3       org.eclipse.jdt.launching.internal.org.objectweb.asm.ClassReader::readUtf (161 bytes)
Event: 334.719 Thread 0x000001f1f6578450 nmethod 447 0x000001f1de5cbc10 code [0x000001f1de5cbde0, 0x000001f1de5cc2a8]
Event: 334.719 Thread 0x000001f1f6578450  448       3       org.eclipse.jdt.launching.internal.org.objectweb.asm.SymbolTable::addConstantUtf8 (20 bytes)
Event: 334.720 Thread 0x000001f1f6578450 nmethod 448 0x000001f1de5cc590 code [0x000001f1de5cc760, 0x000001f1de5cca28]
Event: 334.720 Thread 0x000001f1f6578450  449       3       org.eclipse.jdt.launching.internal.org.objectweb.asm.Symbol::<init> (38 bytes)
Event: 334.720 Thread 0x000001f1f6578450 nmethod 449 0x000001f1de5ccb90 code [0x000001f1de5ccd40, 0x000001f1de5ccff8]

GC Heap History (0 events):
No events

Deoptimization events (20 events):
Event: 0.329 Thread 0x000001f1d680aa90 DEOPT PACKING pc=0x000001f1de59e067 sp=0x0000004338cf87b0
Event: 0.329 Thread 0x000001f1d680aa90 DEOPT UNPACKING pc=0x000001f1ddfddece sp=0x0000004338cf7c18 mode 0
Event: 0.331 Thread 0x000001f1d680aa90 DEOPT PACKING pc=0x000001f1de59e067 sp=0x0000004338cfc1e0
Event: 0.331 Thread 0x000001f1d680aa90 DEOPT UNPACKING pc=0x000001f1ddfddece sp=0x0000004338cfb648 mode 0
Event: 0.332 Thread 0x000001f1d680aa90 DEOPT PACKING pc=0x000001f1de59e067 sp=0x0000004338cfc1e0
Event: 0.332 Thread 0x000001f1d680aa90 DEOPT UNPACKING pc=0x000001f1ddfddece sp=0x0000004338cfb648 mode 0
Event: 0.334 Thread 0x000001f1d680aa90 DEOPT PACKING pc=0x000001f1de59e067 sp=0x0000004338cf8730
Event: 0.334 Thread 0x000001f1d680aa90 DEOPT UNPACKING pc=0x000001f1ddfddece sp=0x0000004338cf7b98 mode 0
Event: 0.355 Thread 0x000001f1d680aa90 Uncommon trap: trap_request=0xffffff45 fr.pc=0x000001f1e5a67a00 relative=0x00000000000000e0
Event: 0.355 Thread 0x000001f1d680aa90 Uncommon trap: reason=unstable_if action=reinterpret pc=0x000001f1e5a67a00 method=java.lang.String.isLatin1()Z @ 10 c2
Event: 0.355 Thread 0x000001f1d680aa90 DEOPT PACKING pc=0x000001f1e5a67a00 sp=0x0000004338cfebb0
Event: 0.355 Thread 0x000001f1d680aa90 DEOPT UNPACKING pc=0x000001f1ddfdd72e sp=0x0000004338cfeb00 mode 2
Event: 0.371 Thread 0x000001f1d680aa90 Uncommon trap: trap_request=0xffffff45 fr.pc=0x000001f1e5a68a00 relative=0x0000000000000060
Event: 0.371 Thread 0x000001f1d680aa90 Uncommon trap: reason=unstable_if action=reinterpret pc=0x000001f1e5a68a00 method=java.lang.String.isLatin1()Z @ 10 c2
Event: 0.371 Thread 0x000001f1d680aa90 DEOPT PACKING pc=0x000001f1e5a68a00 sp=0x0000004338cfe9f0
Event: 0.371 Thread 0x000001f1d680aa90 DEOPT UNPACKING pc=0x000001f1ddfdd72e sp=0x0000004338cfe990 mode 2
Event: 0.371 Thread 0x000001f1d680aa90 Uncommon trap: trap_request=0xffffff45 fr.pc=0x000001f1e5a720e8 relative=0x0000000000000048
Event: 0.371 Thread 0x000001f1d680aa90 Uncommon trap: reason=unstable_if action=reinterpret pc=0x000001f1e5a720e8 method=java.lang.CharacterData.of(I)Ljava/lang/CharacterData; @ 4 c2
Event: 0.371 Thread 0x000001f1d680aa90 DEOPT PACKING pc=0x000001f1e5a720e8 sp=0x0000004338cfe530
Event: 0.371 Thread 0x000001f1d680aa90 DEOPT UNPACKING pc=0x000001f1ddfdd72e sp=0x0000004338cfe4d0 mode 2

Classes unloaded (0 events):
No events

Classes redefined (4 events):
Event: 93.340 Thread 0x000001f1f6549650 redefined class name=Vacation.Vacation, count=1
Event: 184.211 Thread 0x000001f1f6549650 redefined class name=Vacation.Vacation, count=2
Event: 293.114 Thread 0x000001f1f6549650 redefined class name=Vacation.Vacation, count=3
Event: 334.722 Thread 0x000001f1f6549650 redefined class name=Vacation.Vacation, count=4

Internal exceptions (2 events):
Event: 0.077 Thread 0x000001f1d680aa90 Exception <a 'java/lang/NoSuchMethodError'{0x000000074dae65a8}: 'void java.lang.invoke.DirectMethodHandle$Holder.invokeVirtual(java.lang.Object, java.lang.Object)'> (0x000000074dae65a8) 
thrown [t:\workspace\open\src\hotspot\share\interpreter\linkResolver.cpp, line 790]
Event: 0.297 Thread 0x000001f1d680aa90 Exception <a 'java/lang/NoSuchMethodError'{0x000000074d9bc658}: 'java.lang.Object java.lang.invoke.DirectMethodHandle$Holder.invokeStatic(java.lang.Object)'> (0x000000074d9bc658) 
thrown [t:\workspace\open\src\hotspot\share\interpreter\linkResolver.cpp, line 790]

Events (20 events):
Event: 319.110 Executing  VM operation: get/set locals done
Event: 322.963 Executing  VM operation: get/set locals
Event: 322.963 Executing  VM operation: get/set locals done
Event: 322.967 Executing  VM operation: get/set locals
Event: 322.967 Executing  VM operation: get/set locals done
Event: 322.968 Executing  VM operation: get/set locals
Event: 322.968 Executing  VM operation: get/set locals done
Event: 322.968 Executing  VM operation: get/set locals
Event: 322.968 Executing  VM operation: get/set locals done
Event: 322.969 Executing  VM operation: get/set locals
Event: 322.969 Executing  VM operation: get/set locals done
Event: 334.721 Executing  VM operation: RedefineClasses
Event: 334.724 Executing  VM operation: RedefineClasses done
Event: 334.728 Executing  VM operation: ChangeBreakpoints
Event: 334.728 Executing  VM operation: ChangeBreakpoints done
Event: 334.732 Executing  VM operation: ChangeBreakpoints
Event: 334.732 Executing  VM operation: ChangeBreakpoints done
Event: 334.736 Executing  VM operation: ChangeBreakpoints
Event: 334.737 Executing  VM operation: ChangeBreakpoints done
Event: 350.608 Executing  VM operation: get/set locals


Dynamic libraries:
0x00007ff7bf6a0000 - 0x00007ff7bf6b0000 	C:\Program Files\Java\jdk-16.0.2\bin\javaw.exe
0x00007fff837b0000 - 0x00007fff839a5000 	C:\Windows\SYSTEM32\ntdll.dll
0x00007fff82f00000 - 0x00007fff82fbd000 	C:\Windows\System32\KERNEL32.DLL
0x00007fff810d0000 - 0x00007fff81398000 	C:\Windows\System32\KERNELBASE.dll
0x00007fff815d0000 - 0x00007fff816d0000 	C:\Windows\System32\ucrtbase.dll
0x00007fff7aff0000 - 0x00007fff7b009000 	C:\Program Files\Java\jdk-16.0.2\bin\VCRUNTIME140.dll
0x00007fff7afd0000 - 0x00007fff7afe8000 	C:\Program Files\Java\jdk-16.0.2\bin\jli.dll
0x00007fff81810000 - 0x00007fff818bc000 	C:\Windows\System32\ADVAPI32.dll
0x00007fff831d0000 - 0x00007fff8326e000 	C:\Windows\System32\msvcrt.dll
0x00007fff83360000 - 0x00007fff833fb000 	C:\Windows\System32\sechost.dll
0x00007fff819f0000 - 0x00007fff81b1b000 	C:\Windows\System32\RPCRT4.dll
0x00007fff83400000 - 0x00007fff835a0000 	C:\Windows\System32\USER32.dll
0x00007fff816d0000 - 0x00007fff816f2000 	C:\Windows\System32\win32u.dll
0x00007fff835a0000 - 0x00007fff835ca000 	C:\Windows\System32\GDI32.dll
0x00007fff81700000 - 0x00007fff8180b000 	C:\Windows\System32\gdi32full.dll
0x00007fff81480000 - 0x00007fff8151d000 	C:\Windows\System32\msvcp_win.dll
0x00007fff728f0000 - 0x00007fff72b8a000 	C:\Windows\WinSxS\amd64_microsoft.windows.common-controls_6595b64144ccf1df_6.0.19041.844_none_ca00b6081b84eb1d\COMCTL32.dll
0x00007fff78f50000 - 0x00007fff78f5a000 	C:\Windows\SYSTEM32\VERSION.dll
0x00007fff825c0000 - 0x00007fff825f0000 	C:\Windows\System32\IMM32.DLL
0x00007fff7c6a0000 - 0x00007fff7c6ac000 	C:\Program Files\Java\jdk-16.0.2\bin\vcruntime140_1.dll
0x00007fff42cf0000 - 0x00007fff42d81000 	C:\Program Files\Java\jdk-16.0.2\bin\msvcp140.dll
0x00007fff32e30000 - 0x00007fff339db000 	C:\Program Files\Java\jdk-16.0.2\bin\server\jvm.dll
0x00007fff82ef0000 - 0x00007fff82ef8000 	C:\Windows\System32\PSAPI.DLL
0x00007fff70da0000 - 0x00007fff70da9000 	C:\Windows\SYSTEM32\WSOCK32.dll
0x00007fff825f0000 - 0x00007fff8265b000 	C:\Windows\System32\WS2_32.dll
0x00007fff746b0000 - 0x00007fff746d7000 	C:\Windows\SYSTEM32\WINMM.dll
0x00007fff7f010000 - 0x00007fff7f022000 	C:\Windows\SYSTEM32\kernel.appcore.dll
0x00007fff7b450000 - 0x00007fff7b45a000 	C:\Program Files\Java\jdk-16.0.2\bin\jimage.dll
0x00007fff7eb90000 - 0x00007fff7ed74000 	C:\Windows\SYSTEM32\DBGHELP.DLL
0x00007fff66a40000 - 0x00007fff66a6c000 	C:\Windows\SYSTEM32\dbgcore.DLL
0x00007fff80ef0000 - 0x00007fff80f70000 	C:\Windows\System32\bcryptPrimitives.dll
0x00007fff54550000 - 0x00007fff5458b000 	C:\Program Files\Java\jdk-16.0.2\bin\jdwp.dll
0x00007fff6e140000 - 0x00007fff6e14e000 	C:\Program Files\Java\jdk-16.0.2\bin\instrument.dll
0x00007fff5f3f0000 - 0x00007fff5f415000 	C:\Program Files\Java\jdk-16.0.2\bin\java.dll
0x00007fff82660000 - 0x00007fff82da2000 	C:\Windows\System32\SHELL32.dll
0x00007fff7f030000 - 0x00007fff7f7c1000 	C:\Windows\SYSTEM32\windows.storage.dll
0x00007fff82260000 - 0x00007fff825b5000 	C:\Windows\System32\combase.dll
0x00007fff80960000 - 0x00007fff8098c000 	C:\Windows\SYSTEM32\Wldp.dll
0x00007fff835d0000 - 0x00007fff8367e000 	C:\Windows\System32\SHCORE.dll
0x00007fff83170000 - 0x00007fff831c5000 	C:\Windows\System32\shlwapi.dll
0x00007fff80e30000 - 0x00007fff80e4f000 	C:\Windows\SYSTEM32\profapi.dll
0x00007fff715f0000 - 0x00007fff71609000 	C:\Program Files\Java\jdk-16.0.2\bin\net.dll
0x00007fff70730000 - 0x00007fff7083b000 	C:\Windows\SYSTEM32\WINHTTP.dll
0x00007fff806d0000 - 0x00007fff8073a000 	C:\Windows\system32\mswsock.dll
0x00007fff5f3d0000 - 0x00007fff5f3e3000 	C:\Program Files\Java\jdk-16.0.2\bin\nio.dll
0x00007fff61e00000 - 0x00007fff61e0c000 	C:\Program Files\Java\jdk-16.0.2\bin\dt_socket.dll
0x00007fff80370000 - 0x00007fff803ab000 	C:\Windows\SYSTEM32\IPHLPAPI.DLL
0x00007fff803c0000 - 0x00007fff8048c000 	C:\Windows\SYSTEM32\DNSAPI.dll
0x00007fff83350000 - 0x00007fff83358000 	C:\Windows\System32\NSI.dll
0x00007fff77850000 - 0x00007fff7785a000 	C:\Windows\System32\rasadhlp.dll
0x00007fff6e330000 - 0x00007fff6e3af000 	C:\Windows\System32\fwpuclnt.dll
0x00007fff813a0000 - 0x00007fff813c7000 	C:\Windows\System32\bcrypt.dll
0x00007fff5f3b0000 - 0x00007fff5f3c8000 	C:\Program Files\Java\jdk-16.0.2\bin\zip.dll
0x00007fff713e0000 - 0x00007fff713f0000 	C:\Program Files\Java\jdk-16.0.2\bin\verify.dll

dbghelp: loaded successfully - version: 4.0.5 - missing functions: none
symbol engine: initialized successfully - sym options: 0x614 - pdb path: .;C:\Program Files\Java\jdk-16.0.2\bin;C:\Windows\SYSTEM32;C:\Windows\WinSxS\amd64_microsoft.windows.common-controls_6595b64144ccf1df_6.0.19041.844_none_ca00b6081b84eb1d;C:\Program Files\Java\jdk-16.0.2\bin\server

VM Arguments:
jvm_args: -XX:+ShowCodeDetailsInExceptionMessages -agentlib:jdwp=transport=dt_socket,suspend=y,address=localhost:54890 -javaagent:C:\Users\PC User\eclipse\java-2021-06\eclipse\configuration\org.eclipse.osgi\222\0\.cp\lib\javaagent-shaded.jar -Dfile.encoding=Cp1252 --module-path=C:\Users\PC User\Documents\EclipseProjects\BasicSyntaxConditionalStatementsAndLoopsExercise\bin -Djdk.module.main=BasicSyntaxConditionalStatementsAndLoopsExercise 
java_command: BasicSyntaxConditionalStatementsAndLoopsExercise/Vacation.Vacation
java_class_path (initial): <not set>
Launcher Type: SUN_STANDARD

[Global flags]
     intx CICompilerCount                          = 3                                         {product} {ergonomic}
     uint ConcGCThreads                            = 1                                         {product} {ergonomic}
     uint G1ConcRefinementThreads                  = 4                                         {product} {ergonomic}
   size_t G1HeapRegionSize                         = 2097152                                   {product} {ergonomic}
    uintx GCDrainStackTargetSize                   = 64                                        {product} {ergonomic}
   size_t InitialHeapSize                          = 201326592                                 {product} {ergonomic}
   size_t MarkStackSize                            = 4194304                                   {product} {ergonomic}
   size_t MaxHeapSize                              = 3191865344                                {product} {ergonomic}
   size_t MaxNewSize                               = 1914699776                                {product} {ergonomic}
   size_t MinHeapDeltaBytes                        = 2097152                                   {product} {ergonomic}
   size_t MinHeapSize                              = 8388608                                   {product} {ergonomic}
    uintx NonNMethodCodeHeapSize                   = 5832780                                {pd product} {ergonomic}
    uintx NonProfiledCodeHeapSize                  = 122912730                              {pd product} {ergonomic}
    uintx ProfiledCodeHeapSize                     = 122912730                              {pd product} {ergonomic}
    uintx ReservedCodeCacheSize                    = 251658240                              {pd product} {ergonomic}
     bool SegmentedCodeCache                       = true                                      {product} {ergonomic}
     bool ShowCodeDetailsInExceptionMessages       = true                                   {manageable} {command line}
   size_t SoftMaxHeapSize                          = 3191865344                             {manageable} {ergonomic}
     bool UseCompressedClassPointers               = true                           {product lp64_product} {ergonomic}
     bool UseCompressedOops                        = true                           {product lp64_product} {ergonomic}
     bool UseG1GC                                  = true                                      {product} {ergonomic}
     bool UseLargePagesIndividualAllocation        = false                                  {pd product} {ergonomic}

Logging:
Log output configuration:
 #0: stdout all=warning uptime,level,tags
 #1: stderr all=off uptime,level,tags

Environment Variables:
PATH=C:\Program Files\Common Files\Oracle\Java\javapath;C:\Windows\system32;C:\Windows;C:\Windows\System32\Wbem;C:\Windows\System32\WindowsPowerShell\v1.0\;C:\Windows\System32\OpenSSH\;C:\Program Files\Git\cmd;C:\Users\PC User\AppData\Local\Microsoft\WindowsApps;C:\Program Files\JetBrains\IntelliJ IDEA 2021.2\bin;;C:\Users\PC User\AppData\Local\GitHubDesktop\bin
USERNAME=PC User
OS=Windows_NT
PROCESSOR_IDENTIFIER=Intel64 Family 6 Model 158 Stepping 9, GenuineIntel



---------------  S Y S T E M  ---------------

OS:
 Windows 10 , 64 bit Build 19041 (10.0.19041.928)
OS uptime: 0 days 7:19 hours

CPU: total 4 (initial active 4) (4 cores per cpu, 1 threads per core) family 6 model 158 stepping 9 microcode 0xb4, cx8, cmov, fxsr, mmx, 3dnowpref, sse, sse2, sse3, ssse3, sse4.1, sse4.2, popcnt, lzcnt, tsc, tscinvbit, avx, avx2, aes, erms, clmul, bmi1, bmi2, adx, fma, vzeroupper, clflush, clflushopt

Memory: 4k page, system-wide physical 12173M (6239M free)
TotalPageFile size 17037M (AvailPageFile size 4661M)
current process WorkingSet (physical memory assigned to process): 43M, peak: 44M
current process commit charge ("private bytes"): 272M, peak: 273M

vm_info: Java HotSpot(TM) 64-Bit Server VM (16.0.2+7-67) for windows-amd64 JRE (16.0.2+7-67), built on Jun  8 2021 23:24:19 by "mach5one" with MS VC++ 16.7 (VS2019)

END.
